10:41:36: Creating resource group General
10:41:36: Creating resource group Internal
10:41:36: Creating resource group Autodetect
10:41:36: SceneManagerFactory for type 'DefaultSceneManager' registered.
10:41:36: Registering ResourceManager for type Material
10:41:36: Registering ResourceManager for type Mesh
10:41:36: Registering ResourceManager for type Skeleton
10:41:36: MovableObjectFactory for type 'ParticleSystem' registered.
10:41:36: OverlayElementFactory for type Panel registered.
10:41:36: OverlayElementFactory for type BorderPanel registered.
10:41:36: OverlayElementFactory for type TextArea registered.
10:41:36: Registering ResourceManager for type Font
10:41:36: ArchiveFactory for archive type FileSystem registered.
10:41:36: ArchiveFactory for archive type Zip registered.
10:41:36: DDS codec registering
10:41:36: FreeImage version: 3.15.1
10:41:36: This program uses FreeImage, a free, open source image library supporting all common bitmap formats. See http://freeimage.sourceforge.net for details
10:41:36: Supported formats: bmp,ico,jpg,jif,jpeg,jpe,jng,koa,iff,lbm,mng,pbm,pbm,pcd,pcx,pgm,pgm,png,ppm,ppm,ras,tga,targa,tif,tiff,wap,wbmp,wbm,psd,cut,xbm,xpm,gif,hdr,g3,sgi,exr,j2k,j2c,jp2,pfm,pct,pict,pic,3fr,arw,bay,bmq,cap,cine,cr2,crw,cs1,dc2,dcr,drf,dsc,dng,erf,fff,ia,iiq,k25,kc2,kdc,mdc,mef,mos,mrw,nef,nrw,orf,pef,ptx,pxn,qtk,raf,raw,rdc,rw2,rwl,rwz,sr2,srf,sti
10:41:36: Registering ResourceManager for type HighLevelGpuProgram
10:41:36: Registering ResourceManager for type Compositor
10:41:36: MovableObjectFactory for type 'Entity' registered.
10:41:36: MovableObjectFactory for type 'Light' registered.
10:41:36: MovableObjectFactory for type 'BillboardSet' registered.
10:41:36: MovableObjectFactory for type 'ManualObject' registered.
10:41:36: MovableObjectFactory for type 'BillboardChain' registered.
10:41:36: MovableObjectFactory for type 'RibbonTrail' registered.
10:41:36: Loading library /usr/lib/x86_64-linux-gnu/OGRE-1.7.4/RenderSystem_GL
10:41:36: Installing plugin: GL RenderSystem
10:41:36: OpenGL Rendering Subsystem created.
10:41:36: Plugin successfully installed
10:41:36: Loading library /usr/lib/x86_64-linux-gnu/OGRE-1.7.4/Plugin_ParticleFX
10:41:36: Installing plugin: ParticleFX
10:41:36: Particle Emitter Type 'Point' registered
10:41:36: Particle Emitter Type 'Box' registered
10:41:36: Particle Emitter Type 'Ellipsoid' registered
10:41:36: Particle Emitter Type 'Cylinder' registered
10:41:36: Particle Emitter Type 'Ring' registered
10:41:36: Particle Emitter Type 'HollowEllipsoid' registered
10:41:36: Particle Affector Type 'LinearForce' registered
10:41:36: Particle Affector Type 'ColourFader' registered
10:41:36: Particle Affector Type 'ColourFader2' registered
10:41:36: Particle Affector Type 'ColourImage' registered
10:41:36: Particle Affector Type 'ColourInterpolator' registered
10:41:36: Particle Affector Type 'Scaler' registered
10:41:36: Particle Affector Type 'Rotator' registered
10:41:36: Particle Affector Type 'DirectionRandomiser' registered
10:41:36: Particle Affector Type 'DeflectorPlane' registered
10:41:36: Plugin successfully installed
10:41:36: Loading library /usr/lib/x86_64-linux-gnu/OGRE-1.7.4/Plugin_BSPSceneManager
10:41:36: Installing plugin: BSP Scene Manager
10:41:36: Plugin successfully installed
10:41:36: Loading library /usr/lib/x86_64-linux-gnu/OGRE-1.7.4/Plugin_PCZSceneManager
10:41:36: Installing plugin: Portal Connected Zone Scene Manager
10:41:36: PCZone Factory Type 'ZoneType_Default' registered
10:41:36: Plugin successfully installed
10:41:36: Loading library /usr/lib/x86_64-linux-gnu/OGRE-1.7.4/Plugin_OctreeZone
10:41:36: Installing plugin: Octree Zone Factory
10:41:36: Plugin successfully installed
10:41:36: Loading library /usr/lib/x86_64-linux-gnu/OGRE-1.7.4/Plugin_OctreeSceneManager
10:41:36: Installing plugin: Octree & Terrain Scene Manager
10:41:36: Plugin successfully installed
10:41:36: *-*-* OGRE Initialising
10:41:36: *-*-* Version 1.7.4 (Cthugha)
10:41:36: Creating resource group Essential
10:41:36: Added resource location '/usr/share/OGRE-1.7.4/media/thumbnails' of type 'FileSystem' to resource group 'Essential'
10:41:36: Added resource location '/usr/share/OGRE-1.7.4/media/packs/SdkTrays.zip' of type 'Zip' to resource group 'Essential'
10:41:36: Added resource location '/usr/share/OGRE-1.7.4/media' of type 'FileSystem' to resource group 'General'
10:41:36: Creating resource group Popular
10:41:36: Added resource location '/usr/share/OGRE-1.7.4/media/fonts' of type 'FileSystem' to resource group 'Popular'
10:41:36: Added resource location '/usr/share/OGRE-1.7.4/media/materials/programs' of type 'FileSystem' to resource group 'Popular'
10:41:36: Added resource location '/usr/share/OGRE-1.7.4/media/materials/scripts' of type 'FileSystem' to resource group 'Popular'
10:41:36: Added resource location '/usr/share/OGRE-1.7.4/media/materials/textures' of type 'FileSystem' to resource group 'Popular'
10:41:36: Added resource location '/usr/share/OGRE-1.7.4/media/materials/textures/nvidia' of type 'FileSystem' to resource group 'Popular'
10:41:36: Added resource location '/usr/share/OGRE-1.7.4/media/models' of type 'FileSystem' to resource group 'Popular'
10:41:36: Added resource location '/usr/share/OGRE-1.7.4/media/particle' of type 'FileSystem' to resource group 'Popular'
10:41:36: Added resource location '/usr/share/OGRE-1.7.4/media/DeferredShadingMedia' of type 'FileSystem' to resource group 'Popular'
10:41:36: Added resource location '/usr/share/OGRE-1.7.4/media/PCZAppMedia' of type 'FileSystem' to resource group 'Popular'
10:41:36: Added resource location '/usr/share/OGRE-1.7.4/media/RTShaderLib' of type 'FileSystem' to resource group 'Popular'
10:41:36: Added resource location '/usr/share/OGRE-1.7.4/media/RTShaderLib/materials' of type 'FileSystem' to resource group 'Popular'
10:41:36: Added resource location '/usr/share/OGRE-1.7.4/media/packs/cubemap.zip' of type 'Zip' to resource group 'Popular'
10:41:36: Added resource location '/usr/share/OGRE-1.7.4/media/packs/cubemapsJS.zip' of type 'Zip' to resource group 'Popular'
10:41:36: Added resource location '/usr/share/OGRE-1.7.4/media/packs/dragon.zip' of type 'Zip' to resource group 'Popular'
10:41:36: Added resource location '/usr/share/OGRE-1.7.4/media/packs/fresneldemo.zip' of type 'Zip' to resource group 'Popular'
10:41:36: Added resource location '/usr/share/OGRE-1.7.4/media/packs/ogretestmap.zip' of type 'Zip' to resource group 'Popular'
10:41:36: Added resource location '/usr/share/OGRE-1.7.4/media/packs/ogredance.zip' of type 'Zip' to resource group 'Popular'
10:41:36: Added resource location '/usr/share/OGRE-1.7.4/media/packs/Sinbad.zip' of type 'Zip' to resource group 'Popular'
10:41:36: Added resource location '/usr/share/OGRE-1.7.4/media/packs/skybox.zip' of type 'Zip' to resource group 'Popular'
10:41:36: OGRE EXCEPTION(6:FileNotFoundException): 'ogre.cfg' file not found! in ConfigFile::load at /build/buildd/ogre-1.7.4/OgreMain/src/OgreConfigFile.cpp (line 83)
10:41:36: CPU Identifier & Features
10:41:36: -------------------------
10:41:36:  *   CPU ID: GenuineIntel: Intel(R) Core(TM) i5-2300 CPU @ 2.80GHz
10:41:36:  *      SSE: yes
10:41:36:  *     SSE2: yes
10:41:36:  *     SSE3: yes
10:41:36:  *      MMX: yes
10:41:36:  *   MMXEXT: yes
10:41:36:  *    3DNOW: no
10:41:36:  * 3DNOWEXT: no
10:41:36:  *     CMOV: yes
10:41:36:  *      TSC: yes
10:41:36:  *      FPU: yes
10:41:36:  *      PRO: yes
10:41:36:  *       HT: no
10:41:36: -------------------------
10:41:36: ******************************
*** Starting GLX Subsystem ***
******************************
10:41:36: GLRenderSystem::_createRenderWindow "MBT Edge", 640x400 windowed  miscParams: Display Frequency=50 MHz FSAA=0 RTT Preferred Mode=FBO VSync=No sRGB Gamma Conversion=No 
10:41:37: GLXWindow::create used FBConfigID = 237
10:41:37: GL_VERSION = 3.3.0 NVIDIA 304.116
10:41:37: GL_VENDOR = NVIDIA Corporation
10:41:37: GL_RENDERER = GeForce 9300 GE/PCIe/SSE2
10:41:37: GL_EXTENSIONS = GL_ARB_base_instance GL_ARB_blend_func_extended GL_ARB_color_buffer_float GL_ARB_compatibility GL_ARB_compressed_texture_pixel_storage GL_ARB_conservative_depth GL_ARB_copy_buffer GL_ARB_depth_buffer_float GL_ARB_depth_clamp GL_ARB_depth_texture GL_ARB_draw_buffers GL_ARB_draw_elements_base_vertex GL_ARB_draw_instanced GL_ARB_ES2_compatibility GL_ARB_explicit_attrib_location GL_ARB_fragment_coord_conventions GL_ARB_fragment_program GL_ARB_fragment_program_shadow GL_ARB_fragment_shader GL_ARB_framebuffer_object GL_ARB_framebuffer_sRGB GL_ARB_geometry_shader4 GL_ARB_get_program_binary GL_ARB_half_float_pixel GL_ARB_half_float_vertex GL_ARB_imaging GL_ARB_instanced_arrays GL_ARB_internalformat_query GL_ARB_map_buffer_alignment GL_ARB_map_buffer_range GL_ARB_multisample GL_ARB_multitexture GL_ARB_occlusion_query GL_ARB_occlusion_query2 GL_ARB_pixel_buffer_object GL_ARB_point_parameters GL_ARB_point_sprite GL_ARB_provoking_vertex GL_ARB_robustness GL_ARB_sampler_objects GL_ARB_seamless_cube_map GL_ARB_separate_shader_objects GL_ARB_shader_bit_encoding GL_ARB_shader_objects GL_ARB_shader_texture_lod GL_ARB_shading_language_100 GL_ARB_shading_language_420pack GL_ARB_shading_language_include GL_ARB_shading_language_packing GL_ARB_shadow GL_ARB_sync GL_ARB_texture_border_clamp GL_ARB_texture_buffer_object GL_ARB_texture_compression GL_ARB_texture_compression_rgtc GL_ARB_texture_cube_map GL_ARB_texture_env_add GL_ARB_texture_env_combine GL_ARB_texture_env_crossbar GL_ARB_texture_env_dot3 GL_ARB_texture_float GL_ARB_texture_mirrored_repeat GL_ARB_texture_multisample GL_ARB_texture_non_power_of_two GL_ARB_texture_rectangle GL_ARB_texture_rg GL_ARB_texture_rgb10_a2ui GL_ARB_texture_storage GL_ARB_texture_swizzle GL_ARB_timer_query GL_ARB_transpose_matrix GL_ARB_uniform_buffer_object GL_ARB_vertex_array_bgra GL_ARB_vertex_array_object GL_ARB_vertex_buffer_object GL_ARB_vertex_program GL_ARB_vertex_shader GL_ARB_vertex_type_2_10_10_10_rev GL_ARB_viewport_array GL_ARB_window_pos GL_ATI_draw_buffers GL_ATI_texture_float GL_ATI_texture_mirror_once GL_S3_s3tc GL_EXT_texture_env_add GL_EXT_abgr GL_EXT_bgra GL_EXT_bindable_uniform GL_EXT_blend_color GL_EXT_blend_equation_separate GL_EXT_blend_func_separate GL_EXT_blend_minmax GL_EXT_blend_subtract GL_EXT_compiled_vertex_array GL_EXT_Cg_shader GL_EXT_depth_bounds_test GL_EXT_direct_state_access GL_EXT_draw_buffers2 GL_EXT_draw_instanced GL_EXT_draw_range_elements GL_EXT_fog_coord GL_EXT_framebuffer_blit GL_EXT_framebuffer_multisample GL_EXTX_framebuffer_mixed_formats GL_EXT_framebuffer_object GL_EXT_framebuffer_sRGB GL_EXT_geometry_shader4 GL_EXT_gpu_program_parameters GL_EXT_gpu_shader4 GL_EXT_multi_draw_arrays GL_EXT_packed_depth_stencil GL_EXT_packed_float GL_EXT_packed_pixels GL_EXT_pixel_buffer_object GL_EXT_point_parameters GL_EXT_provoking_vertex GL_EXT_rescale_normal GL_EXT_secondary_color GL_EXT_separate_shader_objects GL_EXT_separate_specular_color GL_EXT_shadow_funcs GL_EXT_stencil_two_side GL_EXT_stencil_wrap GL_EXT_texture3D GL_EXT_texture_array GL_EXT_texture_buffer_object GL_EXT_texture_compression_dxt1 GL_EXT_texture_compression_latc GL_EXT_texture_compression_rgtc GL_EXT_texture_compression_s3tc GL_EXT_texture_cube_map GL_EXT_texture_edge_clamp GL_EXT_texture_env_combine GL_EXT_texture_env_dot3 GL_EXT_texture_filter_anisotropic GL_EXT_texture_format_BGRA8888 GL_EXT_texture_integer GL_EXT_texture_lod GL_EXT_texture_lod_bias GL_EXT_texture_mirror_clamp GL_EXT_texture_object GL_EXT_texture_shared_exponent GL_EXT_texture_sRGB GL_EXT_texture_sRGB_decode GL_EXT_texture_storage GL_EXT_texture_swizzle GL_EXT_texture_type_2_10_10_10_REV GL_EXT_timer_query GL_EXT_vertex_array GL_EXT_vertex_array_bgra GL_EXT_x11_sync_object GL_EXT_import_sync_object GL_IBM_rasterpos_clip GL_IBM_texture_mirrored_repeat GL_KTX_buffer_region GL_NV_alpha_test GL_NV_blend_minmax GL_NV_blend_square GL_NV_complex_primitives GL_NV_conditional_render GL_NV_copy_depth_to_color GL_NV_copy_image GL_NV_depth_buffer_float GL_NV_depth_clamp GL_NV_ES1_1_compatibility GL_NV_explicit_multisample GL_NV_fbo_color_attachments GL_NV_fence GL_NV_float_buffer GL_NV_fog_distance GL_NV_fragdepth GL_NV_fragment_program GL_NV_fragment_program_option GL_NV_fragment_program2 GL_NV_framebuffer_multisample_coverage GL_NV_geometry_shader4 GL_NV_gpu_program4 GL_NV_half_float GL_NV_light_max_exponent GL_NV_multisample_coverage GL_NV_multisample_filter_hint GL_NV_occlusion_query GL_NV_packed_depth_stencil GL_NV_parameter_buffer_object GL_NV_parameter_buffer_object2 GL_NV_path_rendering GL_NV_pixel_data_range GL_NV_point_sprite GL_NV_primitive_restart GL_NV_register_combiners GL_NV_register_combiners2 GL_NV_shader_buffer_load GL_NV_texgen_reflection GL_NV_texture_barrier GL_NV_texture_compression_vtc GL_NV_texture_env_combine4 GL_NV_texture_expand_normal GL_NV_texture_lod_clamp GL_NV_texture_multisample GL_NV_texture_rectangle GL_NV_texture_shader GL_NV_texture_shader2 GL_NV_texture_shader3 GL_NV_transform_feedback GL_NV_vdpau_interop GL_NV_vertex_array_range GL_NV_vertex_array_range2 GL_NV_vertex_buffer_unified_memory GL_NV_vertex_program GL_NV_vertex_program1_1 GL_NV_vertex_program2 GL_NV_vertex_program2_option GL_NV_vertex_program3 GL_NVX_conditional_render GL_NVX_gpu_memory_info GL_OES_compressed_paletted_texture GL_OES_depth24 GL_OES_depth32 GL_OES_depth_texture GL_OES_element_index_uint GL_OES_fbo_render_mipmap GL_OES_get_program_binary GL_OES_mapbuffer GL_OES_packed_depth_stencil GL_OES_point_size_array GL_OES_point_sprite GL_OES_rgb8_rgba8 GL_OES_read_format GL_OES_standard_derivatives GL_OES_texture_3D GL_OES_texture_float GL_OES_texture_float_linear GL_OES_texture_half_float GL_OES_texture_half_float_linear GL_OES_texture_npot GL_OES_vertex_array_object GL_OES_vertex_half_float GL_SGIS_generate_mipmap GL_SGIS_texture_lod GL_SGIX_depth_texture GL_SGIX_shadow GL_SUN_slice_accum 
10:41:37: Supported GLX extensions: GLX_EXT_visual_info GLX_EXT_visual_rating GLX_SGIX_fbconfig GLX_SGIX_pbuffer GLX_SGI_video_sync GLX_SGI_swap_control GLX_EXT_swap_control GLX_EXT_swap_control_tear GLX_EXT_texture_from_pixmap GLX_ARB_create_context GLX_ARB_create_context_profile GLX_EXT_create_context_es2_profile GLX_ARB_create_context_robustness GLX_ARB_multisample GLX_NV_float_buffer GLX_ARB_fbconfig_float GLX_EXT_framebuffer_sRGB GLX_NV_multisample_coverage GLX_ARB_get_proc_address 
10:41:37: ***************************
10:41:37: *** GL Renderer Started ***
10:41:37: ***************************
10:41:37: Registering ResourceManager for type GpuProgram
10:41:37: GLSL support detected
10:41:37: GL: Using GL_EXT_framebuffer_object for rendering to textures (best)
10:41:37: FBO PF_UNKNOWN depth/stencil support: D16S0 D24S0 D32S0 Packed-D24S8 
10:41:38: FBO PF_L8 depth/stencil support: D0S0 D16S0 D24S0 D32S0 Packed-D24S8 
10:41:38: FBO PF_A8 depth/stencil support: D0S0 D16S0 D24S0 D32S0 Packed-D24S8 
10:41:38: FBO PF_A4L4 depth/stencil support: D0S0 D16S0 D24S0 D32S0 Packed-D24S8 
10:41:38: FBO PF_BYTE_LA depth/stencil support: D0S0 D16S0 D24S0 D32S0 Packed-D24S8 
10:41:38: FBO PF_R5G6B5 depth/stencil support: D0S0 D16S0 D24S0 D32S0 Packed-D24S8 
10:41:38: FBO PF_B5G6R5 depth/stencil support: D0S0 D16S0 D24S0 D32S0 Packed-D24S8 
10:41:39: FBO PF_A4R4G4B4 depth/stencil support: D0S0 D16S0 D24S0 D32S0 Packed-D24S8 
10:41:39: FBO PF_A1R5G5B5 depth/stencil support: D0S0 D16S0 D24S0 D32S0 Packed-D24S8 
10:41:39: FBO PF_R8G8B8 depth/stencil support: D0S0 D16S0 D24S0 D32S0 Packed-D24S8 
10:41:39: FBO PF_B8G8R8 depth/stencil support: D0S0 D16S0 D24S0 D32S0 Packed-D24S8 
10:41:39: FBO PF_A8R8G8B8 depth/stencil support: D0S0 D16S0 D24S0 D32S0 Packed-D24S8 
10:41:39: FBO PF_B8G8R8A8 depth/stencil support: D0S0 D16S0 D24S0 D32S0 Packed-D24S8 
10:41:39: FBO PF_A2R10G10B10 depth/stencil support: D0S0 D16S0 D24S0 D32S0 Packed-D24S8 
10:41:40: FBO PF_A2B10G10R10 depth/stencil support: D0S0 D16S0 D24S0 D32S0 Packed-D24S8 
10:41:40: FBO PF_FLOAT16_RGB depth/stencil support: D0S0 D16S0 D24S0 D32S0 Packed-D24S8 
10:41:40: FBO PF_FLOAT16_RGBA depth/stencil support: D0S0 D16S0 D24S0 D32S0 Packed-D24S8 
10:41:40: FBO PF_FLOAT32_RGB depth/stencil support: D0S0 D16S0 D24S0 D32S0 Packed-D24S8 
10:41:40: FBO PF_FLOAT32_RGBA depth/stencil support: D0S0 D16S0 D24S0 D32S0 Packed-D24S8 
10:41:40: FBO PF_X8R8G8B8 depth/stencil support: D0S0 D16S0 D24S0 D32S0 Packed-D24S8 
10:41:40: FBO PF_X8B8G8R8 depth/stencil support: D0S0 D16S0 D24S0 D32S0 Packed-D24S8 
10:41:40: FBO PF_SHORT_RGBA depth/stencil support: D0S0 D16S0 D24S0 D32S0 Packed-D24S8 
10:41:41: FBO PF_R3G3B2 depth/stencil support: D0S0 D16S0 D24S0 D32S0 Packed-D24S8 
10:41:41: FBO PF_FLOAT16_R depth/stencil support: D0S0 D16S0 D24S0 D32S0 Packed-D24S8 
10:41:41: FBO PF_FLOAT32_R depth/stencil support: D0S0 D16S0 D24S0 D32S0 Packed-D24S8 
10:41:41: FBO PF_FLOAT16_GR depth/stencil support: D0S0 D16S0 D24S0 D32S0 Packed-D24S8 
10:41:41: FBO PF_FLOAT32_GR depth/stencil support: D0S0 D16S0 D24S0 D32S0 Packed-D24S8 
10:41:41: FBO PF_SHORT_RGB depth/stencil support: D0S0 D16S0 D24S0 D32S0 Packed-D24S8 
10:41:41: [GL] : Valid FBO targets PF_UNKNOWN PF_L8 PF_A8 PF_A4L4 PF_BYTE_LA PF_R5G6B5 PF_B5G6R5 PF_A4R4G4B4 PF_A1R5G5B5 PF_R8G8B8 PF_B8G8R8 PF_A8R8G8B8 PF_B8G8R8A8 PF_A2R10G10B10 PF_A2B10G10R10 PF_FLOAT16_RGB PF_FLOAT16_RGBA PF_FLOAT32_RGB PF_FLOAT32_RGBA PF_X8R8G8B8 PF_X8B8G8R8 PF_SHORT_RGBA PF_R3G3B2 PF_FLOAT16_R PF_FLOAT32_R PF_FLOAT16_GR PF_FLOAT32_GR PF_SHORT_RGB 
10:41:41: RenderSystem capabilities
10:41:41: -------------------------
10:41:41: RenderSystem Name: OpenGL Rendering Subsystem
10:41:41: GPU Vendor: nvidia
10:41:41: Device Name: GeForce 9300 GE/PCIe/SSE2
10:41:41: Driver Version: 3.3.0.0
10:41:41:  * Fixed function pipeline: yes
10:41:41:  * Hardware generation of mipmaps: yes
10:41:41:  * Texture blending: yes
10:41:41:  * Anisotropic texture filtering: yes
10:41:41:  * Dot product texture operation: yes
10:41:41:  * Cube mapping: yes
10:41:41:  * Hardware stencil buffer: yes
10:41:41:    - Stencil depth: 8
10:41:41:    - Two sided stencil support: yes
10:41:41:    - Wrap stencil values: yes
10:41:41:  * Hardware vertex / index buffers: yes
10:41:41:  * Vertex programs: yes
10:41:41:  * Number of floating-point constants for vertex programs: 1024
10:41:41:  * Number of integer constants for vertex programs: 0
10:41:41:  * Number of boolean constants for vertex programs: 0
10:41:41:  * Fragment programs: yes
10:41:41:  * Number of floating-point constants for fragment programs: 512
10:41:41:  * Number of integer constants for fragment programs: 0
10:41:41:  * Number of boolean constants for fragment programs: 0
10:41:41:  * Geometry programs: yes
10:41:41:  * Number of floating-point constants for geometry programs: 2048
10:41:41:  * Number of integer constants for geometry programs: 0
10:41:41:  * Number of boolean constants for geometry programs: 0
10:41:41:  * Supported Shader Profiles: arbfp1 arbvp1 fp20 fp30 fp40 glsl gp4gp gp4vp gpu_gp gpu_vp nvgp4 vp30 vp40
10:41:41:  * Texture Compression: yes
10:41:41:    - DXT: yes
10:41:41:    - VTC: yes
10:41:41:    - PVRTC: no
10:41:41:  * Scissor Rectangle: yes
10:41:41:  * Hardware Occlusion Query: yes
10:41:41:  * User clip planes: yes
10:41:41:  * VET_UBYTE4 vertex element type: yes
10:41:41:  * Infinite far plane projection: yes
10:41:41:  * Hardware render-to-texture: yes
10:41:41:  * Floating point textures: yes
10:41:41:  * Non-power-of-two textures: yes
10:41:41:  * Volume textures: yes
10:41:41:  * Multiple Render Targets: 8
10:41:41:    - With different bit depths: yes
10:41:41:  * Point Sprites: yes
10:41:41:  * Extended point parameters: yes
10:41:41:  * Max Point Size: 63.375
10:41:41:  * Vertex texture fetch: yes
10:41:41:  * Number of world matrices: 0
10:41:41:  * Number of texture units: 32
10:41:41:  * Stencil buffer depth: 8
10:41:41:  * Number of vertex blend matrices: 0
10:41:41:    - Max vertex textures: 32
10:41:41:    - Vertex textures shared: yes
10:41:41:  * Render to Vertex Buffer : yes
10:41:41:  * GL 1.5 without VBO workaround: no
10:41:41:  * Frame Buffer objects: yes
10:41:41:  * Frame Buffer objects (ARB extension): no
10:41:41:  * Frame Buffer objects (ATI extension): no
10:41:41:  * PBuffer support: yes
10:41:41:  * GL 1.5 without HW-occlusion workaround: no
10:41:41: Registering ResourceManager for type Texture
10:41:41: DefaultWorkQueue('Root') initialising on thread 0x17d4be0.
10:41:41: DefaultWorkQueue('Root')::WorkerFunc - thread 0x1bd2c20 starting.
10:41:41: DefaultWorkQueue('Root')::WorkerFunc - thread 0x1726210 starting.
10:41:41: DefaultWorkQueue('Root')::WorkerFunc - thread 0x1bcced0 starting.
10:41:41: DefaultWorkQueue('Root')::WorkerFunc - thread 0x1bd11a0 starting.
10:41:41: Particle Renderer Type 'billboard' registered
10:41:41: SceneManagerFactory for type 'BspSceneManager' registered.
10:41:41: Registering ResourceManager for type BspLevel
10:41:41: SceneManagerFactory for type 'PCZSceneManager' registered.
10:41:41: MovableObjectFactory for type 'PCZLight' registered.
10:41:41: MovableObjectFactory for type 'Portal' registered.
10:41:41: MovableObjectFactory for type 'AntiPortal' registered.
10:41:41: PCZone Factory Type 'ZoneType_Octree' registered
10:41:41: PCZone Factory Type 'ZoneType_Terrain' registered
10:41:41: SceneManagerFactory for type 'OctreeSceneManager' registered.
10:41:41: SceneManagerFactory for type 'TerrainSceneManager' registered.
10:41:41: Parsing scripts for resource group Autodetect
10:41:41: Finished parsing scripts for resource group Autodetect
10:41:41: Parsing scripts for resource group Essential
10:41:41: Parsing script SdkTrays.material
10:41:41: Parsing script SdkTrays.fontdef
10:41:41: Parsing script SdkTrays.overlay
10:41:41: Bad element attribute line: '# you can offset the image to change the cursor "hotspot"' for element SdkTrays/Cursor in overlay 
10:41:41: Texture: sdk_cursor.png: Loading 1 faces(PF_A8R8G8B8,32x32x1) with 5 generated mipmaps from Image. Internal format is PF_A8R8G8B8,32x32x1.
10:41:41: Texture: sdk_tray.png: Loading 1 faces(PF_A8R8G8B8,64x64x1) with 6 generated mipmaps from Image. Internal format is PF_A8R8G8B8,64x64x1.
10:41:41: Texture: sdk_button_up.png: Loading 1 faces(PF_A8R8G8B8,128x32x1) with 7 generated mipmaps from Image. Internal format is PF_A8R8G8B8,128x32x1.
10:41:41: Texture: sdk_text_box.png: Loading 1 faces(PF_A8R8G8B8,32x32x1) with 5 generated mipmaps from Image. Internal format is PF_A8R8G8B8,32x32x1.
10:41:41: Texture: sdk_mini_tray.png: Loading 1 faces(PF_A8R8G8B8,32x32x1) with 5 generated mipmaps from Image. Internal format is PF_A8R8G8B8,32x32x1.
10:41:41: Texture: sdk_track.png: Loading 1 faces(PF_A8R8G8B8,16x32x1) with 5 generated mipmaps from Image. Internal format is PF_A8R8G8B8,16x32x1.
10:41:41: Texture: sdk_handle.png: Loading 1 faces(PF_A8R8G8B8,16x16x1) with 4 generated mipmaps from Image. Internal format is PF_A8R8G8B8,16x16x1.
10:41:41: Texture: sdk_mini_text_box.png: Loading 1 faces(PF_A8R8G8B8,32x32x1) with 5 generated mipmaps from Image. Internal format is PF_A8R8G8B8,32x32x1.
10:41:41: Texture: sdk_label.png: Loading 1 faces(PF_A8R8G8B8,32x32x1) with 5 generated mipmaps from Image. Internal format is PF_A8R8G8B8,32x32x1.
10:41:41: Texture: sdk_separator.png: Loading 1 faces(PF_A8R8G8B8,64x16x1) with 6 generated mipmaps from Image. Internal format is PF_A8R8G8B8,64x16x1.
10:41:41: Texture: sdk_logo.png: Loading 1 faces(PF_A8R8G8B8,128x64x1) with 7 generated mipmaps from Image. Internal format is PF_A8R8G8B8,128x64x1.
10:41:41: Texture: sdk_shade.png: Loading 1 faces(PF_A8R8G8B8,64x48x1) with 6 generated mipmaps from Image. Internal format is PF_A8R8G8B8,64x48x1.
10:41:41: Texture: sdk_frame.png: Loading 1 faces(PF_A8R8G8B8,32x32x1) with 5 generated mipmaps from Image. Internal format is PF_A8R8G8B8,32x32x1.
10:41:41: Texture: sdk_mini_text_box_over.png: Loading 1 faces(PF_A8R8G8B8,32x32x1) with 5 generated mipmaps from Image. Internal format is PF_A8R8G8B8,32x32x1.
10:41:41: Texture: sdk_pulse.png: Loading 1 faces(PF_R8G8B8,8x1x1) with 3 generated mipmaps from Image. Internal format is PF_X8R8G8B8,8x1x1.
10:41:41: Finished parsing scripts for resource group Essential
10:41:41: Parsing scripts for resource group General
10:41:41: Finished parsing scripts for resource group General
10:41:41: Parsing scripts for resource group Internal
10:41:41: Finished parsing scripts for resource group Internal
10:41:41: Parsing scripts for resource group Popular
10:41:41: Parsing script StdQuad_vp.program
10:41:41: Parsing script Examples.program
10:41:41: GLSL compiling: Ogre/BasicVertexPrograms/AmbientOneTextureGLSL
10:41:41: GLSL compiled : Ogre/BasicVertexPrograms/AmbientOneTextureGLSL
10:41:41: GLSL compiling: Ogre/HardwareSkinningTwoWeightsGLSL
10:41:41: GLSL compiled : Ogre/HardwareSkinningTwoWeightsGLSL
10:41:41: OGRE EXCEPTION(2:InvalidParametersException): Parameter called ambient does not exist.  in GpuProgramParameters::_findNamedConstantDefinition at /build/buildd/ogre-1.7.4/OgreMain/src/OgreGpuProgramParams.cpp (line 1435)
10:41:41: Compiler error: invalid parameters in Examples.program(130): setting of constant failed
10:41:41: Parsing script deferred_post.program
10:41:41: Parsing script ShadowCaster.program
10:41:41: Parsing script OffsetMapping.material
10:41:41: Compiler error: object unsupported by render system in OffsetMapping.material(18)
10:41:41: GLSL compiling: Examples/OffsetMappingIntegratedShadowsFPglsl
10:41:41: GLSL compiled : Examples/OffsetMappingIntegratedShadowsFPglsl
10:41:41: GLSL compiling: Examples/OffsetMappingIntegratedShadowsVPglsl
10:41:41: GLSL compiled : Examples/OffsetMappingIntegratedShadowsVPglsl
10:41:41: Parsing script ParticleGS.material
10:41:41: Parsing script sibenik.material
10:41:41: Parsing script VarianceShadowmap.material
10:41:41: Parsing script GLSLSwizzle.material
10:41:41: GLSL compiling: Ogre/GPTest/Swizzle_GP_GLSL
10:41:41: GLSL compiled : Ogre/GPTest/Swizzle_GP_GLSL
10:41:41: GLSL compiling: Ogre/GPTest/Passthrough_VP_GLSL
10:41:41: GLSL compiled : Ogre/GPTest/Passthrough_VP_GLSL
10:41:41: Parsing script ASCII.material
10:41:41: Parsing script MRTtest.material
10:41:41: GLSL compiling: Ogre/MRTtest/scenefp/GLSL
10:41:41: GLSL compiled : Ogre/MRTtest/scenefp/GLSL
10:41:41: GLSL compiling: Ogre/MRTtest/quadfp/GLSL
10:41:41: GLSL compiled : Ogre/MRTtest/quadfp/GLSL
10:41:41: GLSL compiling: Ogre/Compositor/StdQuad_GLSL_vp
10:41:41: GLSL compiled : Ogre/Compositor/StdQuad_GLSL_vp
10:41:41: Parsing script DOF.material
10:41:41: Parsing script OldTV.material
10:41:41: Parsing script CGSwizzle.material
10:41:41: Parsing script facial.material
10:41:41: Parsing script IsoSurf.material
10:41:41: Parsing script Posterize.material
10:41:41: Parsing script pssm.material
10:41:41: Parsing script Laplace.material
10:41:41: Parsing script shadows.material
10:41:41: Parsing script RadialBlur.material
10:41:41: Parsing script SharpenEdges.material
10:41:41: Parsing script MotionBlur.material
10:41:41: Parsing script ASMSwizzle.material
10:41:41: Parsing script Examples-Advanced.material
10:41:41: Compiler error: object unsupported by render system in Examples-Advanced.material(383)
10:41:41: Parsing script Glass.material
10:41:41: Parsing script Bloom2.material
10:41:41: GLSL compiling: Bloom2_ps20_glsl
10:41:41: GLSL compiled : Bloom2_ps20_glsl
10:41:41: Parsing script Hurt.material
10:41:41: Parsing script smoke.material
10:41:41: Parsing script Examples-Water.material
10:41:41: Parsing script HeatVision.material
10:41:41: Parsing script RZR-002.material
10:41:41: Parsing script Example-Water.material
10:41:41: Parsing script Invert.material
10:41:41: Parsing script Dither.material
10:41:41: Parsing script Bloom.material
10:41:41: GLSL compiling: Blur_ps_glsl
10:41:41: GLSL compiled : Blur_ps_glsl
10:41:41: GLSL compiling: Blur0_vs_glsl
10:41:41: GLSL compiled : Blur0_vs_glsl
10:41:41: GLSL compiling: Blur1_vs_glsl
10:41:41: GLSL compiled : Blur1_vs_glsl
10:41:41: Parsing script CompositorDemo.material
10:41:41: Parsing script Ogre.material
10:41:41: Parsing script Examples.material
10:41:41: GLSL compiling: Ogre/HardwareSkinningTwoWeightsShadowCasterGLSL
10:41:41: GLSL compiled : Ogre/HardwareSkinningTwoWeightsShadowCasterGLSL
10:41:41: Parsing script ShaderSystem.material
10:41:41: Parsing script NightVision.material
10:41:41: Parsing script Tiling.material
10:41:41: Parsing script BlackAndWhite.material
10:41:41: Parsing script Embossed.material
10:41:41: Parsing script hdr.material
10:41:41: GLSL compiling: Ogre/Compositor/HDR/downscale2x2LuminenceGLSL_fp
10:41:41: GLSL compiled : Ogre/Compositor/HDR/downscale2x2LuminenceGLSL_fp
10:41:41: GLSL compiling: Ogre/Compositor/HDR/downscale3x3GLSL_fp
10:41:41: GLSL compiled : Ogre/Compositor/HDR/downscale3x3GLSL_fp
10:41:41: GLSL compiling: Ogre/Compositor/HDR/utils_fp
10:41:41: GLSL compiled : Ogre/Compositor/HDR/utils_fp
10:41:41: GLSL compiling: Ogre/Compositor/HDR/downscale3x3brightpassGLSL_fp
10:41:41: GLSL compiled : Ogre/Compositor/HDR/downscale3x3brightpassGLSL_fp
10:41:41: GLSL compiling: Ogre/Compositor/HDR/bloomGLSL_fp
10:41:41: GLSL compiled : Ogre/Compositor/HDR/bloomGLSL_fp
10:41:41: GLSL compiling: Ogre/Compositor/HDR/utils_fp
10:41:41: GLSL compiled : Ogre/Compositor/HDR/utils_fp
10:41:41: GLSL compiling: Ogre/Compositor/HDR/finaltonemappingGLSL_fp
10:41:41: GLSL compiled : Ogre/Compositor/HDR/finaltonemappingGLSL_fp
10:41:41: Parsing script DepthShadowmap.material
10:41:41: GLSL compiling: Ogre/DepthShadowmap/CasterVP_GLSL
10:41:41: GLSL compiled : Ogre/DepthShadowmap/CasterVP_GLSL
10:41:41: GLSL compiling: Ogre/DepthShadowmap/CasterFP_GLSL
10:41:41: GLSL compiled : Ogre/DepthShadowmap/CasterFP_GLSL
10:41:41: GLSL compiling: Ogre/DepthShadowmap/ReceiverVP_GLSL
10:41:41: GLSL compiled : Ogre/DepthShadowmap/ReceiverVP_GLSL
10:41:41: GLSL compiling: Ogre/DepthShadowmap/ReceiverFP_GLSL
10:41:41: GLSL compiled : Ogre/DepthShadowmap/ReceiverFP_GLSL
10:41:41: GLSL compiling: Ogre/DepthShadowmap/ReceiverFPPCF_GLSL
10:41:41: GLSL compiled : Ogre/DepthShadowmap/ReceiverFPPCF_GLSL
10:41:41: GLSL compiling: Ogre/DepthShadowmap/NormalMapReceiverVP_GLSL
10:41:41: GLSL compiled : Ogre/DepthShadowmap/NormalMapReceiverVP_GLSL
10:41:41: GLSL compiling: Ogre/DepthShadowmap/NormalMapReceiverFP_GLSL
10:41:41: GLSL compiled : Ogre/DepthShadowmap/NormalMapReceiverFP_GLSL
10:41:41: GLSL compiling: Ogre/DepthShadowmap/NormalMapReceiverFPPCF_GLSL
10:41:41: GLSL compiled : Ogre/DepthShadowmap/NormalMapReceiverFPPCF_GLSL
10:41:41: Parsing script Penguin.material
10:41:41: Parsing script Examples-DynTex.material
10:41:41: Parsing script Ocean.material
10:41:41: GLSL compiling: GLSL/OceanVS
10:41:41: GLSL compiled : GLSL/OceanVS
10:41:41: GLSL compiling: GLSL/OceanFS
10:41:41: GLSL compiled : GLSL/OceanFS
10:41:41: GLSL compiling: GLSL/Ocean2VS
10:41:41: GLSL compiled : GLSL/Ocean2VS
10:41:41: GLSL compiling: GLSL/Ocean2FS
10:41:41: GLSL compiled : GLSL/Ocean2FS
10:41:41: Parsing script instancing.material
10:41:41: GLSL compiling: InstancingGLSL
10:41:41: GLSL compiled : InstancingGLSL
10:41:41: GLSL compiling: InstancingShadowCasterGLSL
10:41:41: GLSL compiled : InstancingShadowCasterGLSL
10:41:41: GLSL compiling: CrowdGLSL
10:41:41: GLSL compiled : CrowdGLSL
10:41:41: GLSL compiling: CrowdShadowCasterGLSL
10:41:41: GLSL compiled : CrowdShadowCasterGLSL
10:41:41: Parsing script Halftone.material
10:41:41: Parsing script OldMovie.material
10:41:41: Parsing script ShadowCaster.material
10:41:41: Parsing script ssao.material
10:41:41: Parsing script deferred_post_minilight.material
10:41:41: Parsing script deferred_post.material
10:41:41: Parsing script deferreddemo.material
10:41:41: Parsing script ROOM.material
10:41:41: Parsing script RTShaderSystem.material
10:41:41: Compiler error: unknown error in RTShaderSystem.material(23): token "rtshader_system" is not recognized
10:41:41: Compiler error: unknown error in RTShaderSystem.material(52): token "rtshader_system" is not recognized
10:41:41: Compiler error: unknown error in RTShaderSystem.material(81): token "rtshader_system" is not recognized
10:41:41: Compiler error: unknown error in RTShaderSystem.material(110): token "rtshader_system" is not recognized
10:41:41: Compiler error: unknown error in RTShaderSystem.material(146): token "rtshader_system" is not recognized
10:41:41: Compiler error: unknown error in RTShaderSystem.material(81): token "rtshader_system" is not recognized
10:41:41: Compiler error: unknown error in RTShaderSystem.material(162): token "rtshader_system" is not recognized
10:41:41: Compiler error: unknown error in RTShaderSystem.material(81): token "rtshader_system" is not recognized
10:41:41: Compiler error: unknown error in RTShaderSystem.material(110): token "rtshader_system" is not recognized
10:41:41: Parsing script RomanBath.material
10:41:41: Parsing script Sinbad.material
10:41:41: Parsing script Examples-Water.particle
10:41:41: Parsing script Examples.particle
10:41:41: Parsing script smoke.particle
10:41:41: Parsing script emitted_emitter.particle
10:41:41: Parsing script Examples.compositor
10:41:41: Parsing script ssao.compositor
10:41:41: Parsing script deferred.compositor
10:41:41: Parsing script sample.fontdef
10:41:41: Finished parsing scripts for resource group Popular
10:41:41: *** Initializing OIS ***
